<?xml version="1.0" encoding="UTF-8"?>
<testsuite xmlns:xsi="http://www.w3.org/2001/XMLSchema-instance" xsi:noNamespaceSchemaLocation="https://maven.apache.org/surefire/maven-surefire-plugin/xsd/surefire-test-report.xsd" name="it.unipd.mtss.IntegerToRomanParameterizedTest" time="0" tests="3" errors="0" skipped="0" failures="0">
  <properties>
[...]
</properties>
  <testcase name="testConvertNumbers[0]" classname="it.unipd.mtss.IntegerToRomanParameterizedTest" time="0"/>
  <testcase name="testConvertNumbers[1]" classname="it.unipd.mtss.IntegerToRomanParameterizedTest" time="0"/>
  <testcase name="testConvertNumbers[2]" classname="it.unipd.mtss.IntegerToRomanParameterizedTest" time="0"/>
</testsuite>